<?xml version="1.0" encoding="UTF-8"?>
<testng-results skipped="1" failed="1" ignored="0" total="4" passed="2">
  <reporter-output>
  </reporter-output>
  <suite name="Default suite" duration-ms="53477" started-at="2019-01-27T03:13:07Z" finished-at="2019-01-27T03:14:00Z">
    <groups>
    </groups>
    <test name="Default test" duration-ms="53477" started-at="2019-01-27T03:13:07Z" finished-at="2019-01-27T03:14:00Z">
      <class name="ExtentReport.extentReportDemoTests">
        <test-method status="PASS" signature="Initialization()[pri:0, instance:ExtentReport.extentReportDemoTests@475530b9]" name="Initialization" is-config="true" duration-ms="1250" started-at="2019-01-27T08:43:07Z" finished-at="2019-01-27T08:43:08Z">
          <reporter-output>
          </reporter-output>
        </test-method> <!-- Initialization -->
        <test-method status="PASS" signature="setUp()[pri:0, instance:ExtentReport.extentReportDemoTests@475530b9]" name="setUp" is-config="true" duration-ms="16318" started-at="2019-01-27T08:43:08Z" finished-at="2019-01-27T08:43:24Z">
          <reporter-output>
          </reporter-output>
        </test-method> <!-- setUp -->
        <test-method status="FAIL" signature="failTest()[pri:0, instance:ExtentReport.extentReportDemoTests@475530b9]" name="failTest" duration-ms="38" started-at="2019-01-27T08:43:24Z" finished-at="2019-01-27T08:43:24Z">
          <exception class="java.lang.AssertionError">
            <message>
              <![CDATA[expected [QABABU] but found [QA BABU]]]>
            </message>
            <full-stacktrace>
              <![CDATA[java.lang.AssertionError: expected [QABABU] but found [QA BABU]
	at org.testng.Assert.fail(Assert.java:93)
	at org.testng.Assert.failNotEquals(Assert.java:512)
	at org.testng.Assert.assertEqualsImpl(Assert.java:134)
	at org.testng.Assert.assertEquals(Assert.java:115)
	at org.testng.Assert.assertEquals(Assert.java:189)
	at org.testng.Assert.assertEquals(Assert.java:199)
	at ExtentReport.extentReportDemoTests.failTest(extentReportDemoTests.java:61)
	at sun.reflect.NativeMethodAccessorImpl.invoke0(Native Method)
	at sun.reflect.NativeMethodAccessorImpl.invoke(NativeMethodAccessorImpl.java:62)
	at sun.reflect.DelegatingMethodAccessorImpl.invoke(DelegatingMethodAccessorImpl.java:43)
	at java.lang.reflect.Method.invoke(Method.java:497)
	at org.testng.internal.MethodInvocationHelper.invokeMethod(MethodInvocationHelper.java:108)
	at org.testng.internal.Invoker.invokeMethod(Invoker.java:661)
	at org.testng.internal.Invoker.invokeTestMethod(Invoker.java:869)
	at org.testng.internal.Invoker.invokeTestMethods(Invoker.java:1193)
	at org.testng.internal.TestMethodWorker.invokeTestMethods(TestMethodWorker.java:126)
	at org.testng.internal.TestMethodWorker.run(TestMethodWorker.java:109)
	at org.testng.TestRunner.privateRun(TestRunner.java:744)
	at org.testng.TestRunner.run(TestRunner.java:602)
	at org.testng.SuiteRunner.runTest(SuiteRunner.java:380)
	at org.testng.SuiteRunner.runSequentially(SuiteRunner.java:375)
	at org.testng.SuiteRunner.privateRun(SuiteRunner.java:340)
	at org.testng.SuiteRunner.run(SuiteRunner.java:289)
	at org.testng.SuiteRunnerWorker.runSuite(SuiteRunnerWorker.java:52)
	at org.testng.SuiteRunnerWorker.run(SuiteRunnerWorker.java:86)
	at org.testng.TestNG.runSuitesSequentially(TestNG.java:1301)
	at org.testng.TestNG.runSuitesLocally(TestNG.java:1226)
	at org.testng.TestNG.runSuites(TestNG.java:1144)
	at org.testng.TestNG.run(TestNG.java:1115)
	at org.testng.remote.AbstractRemoteTestNG.run(AbstractRemoteTestNG.java:114)
	at org.testng.remote.RemoteTestNG.initAndRun(RemoteTestNG.java:251)
	at org.testng.remote.RemoteTestNG.main(RemoteTestNG.java:77)
]]>
            </full-stacktrace>
          </exception> <!-- java.lang.AssertionError -->
          <reporter-output>
          </reporter-output>
        </test-method> <!-- failTest -->
        <test-method status="PASS" signature="tearDown(org.testng.ITestResult)[pri:0, instance:ExtentReport.extentReportDemoTests@475530b9]" name="tearDown" is-config="true" duration-ms="1610" started-at="2019-01-27T08:43:24Z" finished-at="2019-01-27T08:43:26Z">
          <params>
            <param index="0">
              <value>
                <![CDATA[[TestResult name=failTest status=FAILURE method=extentReportDemoTests.failTest()[pri:0, instance:ExtentReport.extentReportDemoTests@475530b9] output={null}]]]>
              </value>
            </param>
          </params>
          <reporter-output>
          </reporter-output>
        </test-method> <!-- tearDown -->
        <test-method status="PASS" signature="setUp()[pri:0, instance:ExtentReport.extentReportDemoTests@475530b9]" name="setUp" is-config="true" duration-ms="7852" started-at="2019-01-27T08:43:26Z" finished-at="2019-01-27T08:43:34Z">
          <reporter-output>
          </reporter-output>
        </test-method> <!-- setUp -->
        <test-method status="PASS" signature="navigateToGmail()[pri:0, instance:ExtentReport.extentReportDemoTests@475530b9]" name="navigateToGmail" duration-ms="6846" started-at="2019-01-27T08:43:34Z" finished-at="2019-01-27T08:43:41Z">
          <reporter-output>
          </reporter-output>
        </test-method> <!-- navigateToGmail -->
        <test-method status="PASS" signature="tearDown(org.testng.ITestResult)[pri:0, instance:ExtentReport.extentReportDemoTests@475530b9]" name="tearDown" is-config="true" duration-ms="680" started-at="2019-01-27T08:43:41Z" finished-at="2019-01-27T08:43:41Z">
          <params>
            <param index="0">
              <value>
                <![CDATA[[TestResult name=navigateToGmail status=SUCCESS method=extentReportDemoTests.navigateToGmail()[pri:0, instance:ExtentReport.extentReportDemoTests@475530b9] output={null}]]]>
              </value>
            </param>
          </params>
          <reporter-output>
          </reporter-output>
        </test-method> <!-- tearDown -->
        <test-method status="PASS" signature="setUp()[pri:0, instance:ExtentReport.extentReportDemoTests@475530b9]" name="setUp" is-config="true" duration-ms="7435" started-at="2019-01-27T08:43:41Z" finished-at="2019-01-27T08:43:49Z">
          <reporter-output>
          </reporter-output>
        </test-method> <!-- setUp -->
        <test-method status="SKIP" signature="skipTest()[pri:0, instance:ExtentReport.extentReportDemoTests@475530b9]" name="skipTest" duration-ms="5" started-at="2019-01-27T08:43:49Z" finished-at="2019-01-27T08:43:49Z">
          <exception class="org.testng.SkipException">
            <message>
              <![CDATA[This test will be skipped]]>
            </message>
            <full-stacktrace>
              <![CDATA[org.testng.SkipException: This test will be skipped
	at ExtentReport.extentReportDemoTests.skipTest(extentReportDemoTests.java:52)
	at sun.reflect.NativeMethodAccessorImpl.invoke0(Native Method)
	at sun.reflect.NativeMethodAccessorImpl.invoke(NativeMethodAccessorImpl.java:62)
	at sun.reflect.DelegatingMethodAccessorImpl.invoke(DelegatingMethodAccessorImpl.java:43)
	at java.lang.reflect.Method.invoke(Method.java:497)
	at org.testng.internal.MethodInvocationHelper.invokeMethod(MethodInvocationHelper.java:108)
	at org.testng.internal.Invoker.invokeMethod(Invoker.java:661)
	at org.testng.internal.Invoker.invokeTestMethod(Invoker.java:869)
	at org.testng.internal.Invoker.invokeTestMethods(Invoker.java:1193)
	at org.testng.internal.TestMethodWorker.invokeTestMethods(TestMethodWorker.java:126)
	at org.testng.internal.TestMethodWorker.run(TestMethodWorker.java:109)
	at org.testng.TestRunner.privateRun(TestRunner.java:744)
	at org.testng.TestRunner.run(TestRunner.java:602)
	at org.testng.SuiteRunner.runTest(SuiteRunner.java:380)
	at org.testng.SuiteRunner.runSequentially(SuiteRunner.java:375)
	at org.testng.SuiteRunner.privateRun(SuiteRunner.java:340)
	at org.testng.SuiteRunner.run(SuiteRunner.java:289)
	at org.testng.SuiteRunnerWorker.runSuite(SuiteRunnerWorker.java:52)
	at org.testng.SuiteRunnerWorker.run(SuiteRunnerWorker.java:86)
	at org.testng.TestNG.runSuitesSequentially(TestNG.java:1301)
	at org.testng.TestNG.runSuitesLocally(TestNG.java:1226)
	at org.testng.TestNG.runSuites(TestNG.java:1144)
	at org.testng.TestNG.run(TestNG.java:1115)
	at org.testng.remote.AbstractRemoteTestNG.run(AbstractRemoteTestNG.java:114)
	at org.testng.remote.RemoteTestNG.initAndRun(RemoteTestNG.java:251)
	at org.testng.remote.RemoteTestNG.main(RemoteTestNG.java:77)
]]>
            </full-stacktrace>
          </exception> <!-- org.testng.SkipException -->
          <reporter-output>
          </reporter-output>
        </test-method> <!-- skipTest -->
        <test-method status="PASS" signature="tearDown(org.testng.ITestResult)[pri:0, instance:ExtentReport.extentReportDemoTests@475530b9]" name="tearDown" is-config="true" duration-ms="1232" started-at="2019-01-27T08:43:49Z" finished-at="2019-01-27T08:43:50Z">
          <params>
            <param index="0">
              <value>
                <![CDATA[[TestResult name=skipTest status=SKIP method=extentReportDemoTests.skipTest()[pri:0, instance:ExtentReport.extentReportDemoTests@475530b9] output={null}]]]>
              </value>
            </param>
          </params>
          <reporter-output>
          </reporter-output>
        </test-method> <!-- tearDown -->
        <test-method status="PASS" signature="setUp()[pri:0, instance:ExtentReport.extentReportDemoTests@475530b9]" name="setUp" is-config="true" duration-ms="7129" started-at="2019-01-27T08:43:50Z" finished-at="2019-01-27T08:43:57Z">
          <reporter-output>
          </reporter-output>
        </test-method> <!-- setUp -->
        <test-method status="PASS" signature="verifyTitle()[pri:0, instance:ExtentReport.extentReportDemoTests@475530b9]" name="verifyTitle" duration-ms="36" started-at="2019-01-27T08:43:57Z" finished-at="2019-01-27T08:43:57Z">
          <reporter-output>
          </reporter-output>
        </test-method> <!-- verifyTitle -->
        <test-method status="PASS" signature="tearDown(org.testng.ITestResult)[pri:0, instance:ExtentReport.extentReportDemoTests@475530b9]" name="tearDown" is-config="true" duration-ms="692" started-at="2019-01-27T08:43:57Z" finished-at="2019-01-27T08:43:58Z">
          <params>
            <param index="0">
              <value>
                <![CDATA[[TestResult name=verifyTitle status=SUCCESS method=extentReportDemoTests.verifyTitle()[pri:0, instance:ExtentReport.extentReportDemoTests@475530b9] output={null}]]]>
              </value>
            </param>
          </params>
          <reporter-output>
          </reporter-output>
        </test-method> <!-- tearDown -->
        <test-method status="PASS" signature="WindUp()[pri:0, instance:ExtentReport.extentReportDemoTests@475530b9]" name="WindUp" is-config="true" duration-ms="2201" started-at="2019-01-27T08:43:58Z" finished-at="2019-01-27T08:44:00Z">
          <reporter-output>
          </reporter-output>
        </test-method> <!-- WindUp -->
      </class> <!-- ExtentReport.extentReportDemoTests -->
    </test> <!-- Default test -->
  </suite> <!-- Default suite -->
</testng-results>
